<?xml version="1.0" encoding="UTF-8"?>
<!-- Generated by org.testng.reporters.JUnitXMLReporter -->
<testsuite hostname="Mahesh-PC" ignored="0" name="Test" tests="2" failures="1" timestamp="28 Jun 2018 17:10:31 GMT" time="48.222" errors="0">
  <testcase name="authenticationWind" time="31.388" classname="sampleTest.VerifyingBrokenLinks"/>
  <testcase name="verifyLinkActivate" time="0.0" classname="sampleTest.VerifyingBrokenLinks">
    <failure type="org.testng.TestNGException" message="
Cannot inject @Test annotated Method [verifyLinkActivate] with [class java.lang.String].
For more information on native dependency injection please refer to http://testng.org/doc/documentation-main.html#native-dependency-injection">
      <![CDATA[org.testng.TestNGException: 
Cannot inject @Test annotated Method [verifyLinkActivate] with [class java.lang.String].
For more information on native dependency injection please refer to http://testng.org/doc/documentation-main.html#native-dependency-injection
... Removed 24 stack frames]]>
    </failure>
  </testcase> <!-- verifyLinkActivate -->
</testsuite> <!-- Test -->
