<?xml version="1.0" encoding="UTF-8"?>
<testng-results skipped="0" failed="0" ignored="0" total="1" passed="1">
  <reporter-output>
  </reporter-output>
  <suite name="Default suite" duration-ms="17689" started-at="2018-07-03T08:33:16Z" finished-at="2018-07-03T08:33:34Z">
    <groups>
    </groups>
    <test name="Default test" duration-ms="17689" started-at="2018-07-03T08:33:16Z" finished-at="2018-07-03T08:33:34Z">
      <class name="sampleTest.GmailLinksVerify">
        <test-method status="PASS" signature="launchBrowser()[pri:0, instance:sampleTest.GmailLinksVerify@44c8afef]" name="launchBrowser" is-config="true" duration-ms="11252" started-at="2018-07-03T08:33:16Z" finished-at="2018-07-03T08:33:27Z">
          <reporter-output>
          </reporter-output>
        </test-method> <!-- launchBrowser -->
        <test-method status="PASS" signature="newToursLoginTest()[pri:0, instance:sampleTest.GmailLinksVerify@44c8afef]" name="newToursLoginTest" duration-ms="6326" started-at="2018-07-03T08:33:27Z" finished-at="2018-07-03T08:33:34Z">
          <reporter-output>
          </reporter-output>
        </test-method> <!-- newToursLoginTest -->
        <test-method status="PASS" signature="tearDown()[pri:0, instance:sampleTest.GmailLinksVerify@44c8afef]" name="tearDown" is-config="true" duration-ms="27" started-at="2018-07-03T08:33:34Z" finished-at="2018-07-03T08:33:34Z">
          <reporter-output>
          </reporter-output>
        </test-method> <!-- tearDown -->
      </class> <!-- sampleTest.GmailLinksVerify -->
    </test> <!-- Default test -->
  </suite> <!-- Default suite -->
</testng-results>
